<?xml version="1.0" encoding="UTF-8"?>
<testsuite xmlns:xsi="http://www.w3.org/2001/XMLSchema-instance" xsi:noNamespaceSchemaLocation="https://maven.apache.org/surefire/maven-surefire-plugin/xsd/surefire-test-report.xsd" name="ru.lisitsyna.softwaredesign.AppTest" time="0.06" tests="1" errors="0" skipped="0" failures="0">
  <properties>
    <property name="sun.desktop" value="windows"/>
    <property name="awt.toolkit" value="sun.awt.windows.WToolkit"/>
    <property name="java.specification.version" value="12"/>
    <property name="sun.cpu.isalist" value="amd64"/>
    <property name="sun.jnu.encoding" value="Cp1251"/>
    <property name="java.class.path" value="C:\Users\adnin\Documents\University\SoftwareDesign\drawgraph\target\test-classes;C:\Users\adnin\Documents\University\SoftwareDesign\drawgraph\target\classes;C:\Users\adnin\.m2\repository\junit\junit\4.11\junit-4.11.jar;C:\Users\adnin\.m2\repository\org\hamcrest\hamcrest-core\1.3\hamcrest-core-1.3.jar;C:\Users\adnin\.m2\repository\org\openjfx\javafx-graphics\13.0.2\javafx-graphics-13.0.2.jar;C:\Users\adnin\.m2\repository\org\openjfx\javafx-graphics\13.0.2\javafx-graphics-13.0.2-win.jar;C:\Users\adnin\.m2\repository\org\openjfx\javafx-base\13.0.2\javafx-base-13.0.2.jar;C:\Users\adnin\.m2\repository\org\openjfx\javafx-base\13.0.2\javafx-base-13.0.2-win.jar;C:\Users\adnin\.m2\repository\org\openjfx\javafx-controls\12\javafx-controls-12.jar;C:\Users\adnin\.m2\repository\org\openjfx\javafx-controls\12\javafx-controls-12-win.jar;"/>
    <property name="java.vm.vendor" value="Oracle Corporation"/>
    <property name="sun.arch.data.model" value="64"/>
    <property name="user.variant" value=""/>
    <property name="java.vendor.url" value="https://java.oracle.com/"/>
    <property name="user.timezone" value="Europe/Moscow"/>
    <property name="os.name" value="Windows 10"/>
    <property name="java.vm.specification.version" value="12"/>
    <property name="sun.java.launcher" value="SUN_STANDARD"/>
    <property name="user.country" value="RU"/>
    <property name="sun.boot.library.path" value="C:\Program Files\Java\jdk-12.0.1\bin"/>
    <property name="sun.java.command" value="C:\Users\adnin\AppData\Local\Temp\surefire11197186084017491786\surefirebooter11097604692144348527.jar C:\Users\adnin\AppData\Local\Temp\surefire11197186084017491786 2020-01-27T09-24-01_815-jvmRun1 surefire1140269893874322458tmp surefire_05000608040929735871tmp"/>
    <property name="jdk.debug" value="release"/>
    <property name="surefire.test.class.path" value="C:\Users\adnin\Documents\University\SoftwareDesign\drawgraph\target\test-classes;C:\Users\adnin\Documents\University\SoftwareDesign\drawgraph\target\classes;C:\Users\adnin\.m2\repository\junit\junit\4.11\junit-4.11.jar;C:\Users\adnin\.m2\repository\org\hamcrest\hamcrest-core\1.3\hamcrest-core-1.3.jar;C:\Users\adnin\.m2\repository\org\openjfx\javafx-graphics\13.0.2\javafx-graphics-13.0.2.jar;C:\Users\adnin\.m2\repository\org\openjfx\javafx-graphics\13.0.2\javafx-graphics-13.0.2-win.jar;C:\Users\adnin\.m2\repository\org\openjfx\javafx-base\13.0.2\javafx-base-13.0.2.jar;C:\Users\adnin\.m2\repository\org\openjfx\javafx-base\13.0.2\javafx-base-13.0.2-win.jar;C:\Users\adnin\.m2\repository\org\openjfx\javafx-controls\12\javafx-controls-12.jar;C:\Users\adnin\.m2\repository\org\openjfx\javafx-controls\12\javafx-controls-12-win.jar;"/>
    <property name="sun.cpu.endian" value="little"/>
    <property name="user.home" value="C:\Users\adnin"/>
    <property name="user.language" value="ru"/>
    <property name="java.specification.vendor" value="Oracle Corporation"/>
    <property name="java.version.date" value="2019-04-16"/>
    <property name="java.home" value="C:\Program Files\Java\jdk-12.0.1"/>
    <property name="file.separator" value="\"/>
    <property name="basedir" value="C:\Users\adnin\Documents\University\SoftwareDesign\drawgraph"/>
    <property name="java.vm.compressedOopsMode" value="32-bit"/>
    <property name="line.separator" value="&#10;"/>
    <property name="java.vm.specification.vendor" value="Oracle Corporation"/>
    <property name="java.specification.name" value="Java Platform API Specification"/>
    <property name="java.awt.graphicsenv" value="sun.awt.Win32GraphicsEnvironment"/>
    <property name="surefire.real.class.path" value="C:\Users\adnin\AppData\Local\Temp\surefire11197186084017491786\surefirebooter11097604692144348527.jar"/>
    <property name="user.script" value=""/>
    <property name="sun.management.compiler" value="HotSpot 64-Bit Tiered Compilers"/>
    <property name="java.runtime.version" value="12.0.1+12"/>
    <property name="user.name" value="adnin"/>
    <property name="path.separator" value=";"/>
    <property name="os.version" value="10.0"/>
    <property name="java.runtime.name" value="Java(TM) SE Runtime Environment"/>
    <property name="file.encoding" value="Cp1251"/>
    <property name="java.vm.name" value="Java HotSpot(TM) 64-Bit Server VM"/>
    <property name="localRepository" value="C:\Users\adnin\.m2\repository"/>
    <property name="java.vendor.url.bug" value="https://bugreport.java.com/bugreport/"/>
    <property name="java.io.tmpdir" value="C:\Users\adnin\AppData\Local\Temp\"/>
    <property name="java.version" value="12.0.1"/>
    <property name="user.dir" value="C:\Users\adnin\Documents\University\SoftwareDesign\drawgraph"/>
    <property name="os.arch" value="amd64"/>
    <property name="java.vm.specification.name" value="Java Virtual Machine Specification"/>
    <property name="idea.version2019.1.3" value="true"/>
    <property name="sun.os.patch.level" value=""/>
    <property name="java.library.path" value="C:\Program Files\Java\jdk-12.0.1\bin;C:\WINDOWS\Sun\Java\bin;C:\WINDOWS\system32;C:\WINDOWS;C:\Program Files (x86)\Common Files\Oracle\Java\javapath;C:\Windows\system32;C:\Windows;C:\Windows\System32\Wbem;C:\Windows\System32\WindowsPowerShell\v1.0\;C:\Windows\System32\OpenSSH\;C:\Program Files (x86)\NVIDIA Corporation\PhysX\Common;C:\Program Files\Intel\WiFi\bin\;C:\Program Files\Common Files\Intel\WirelessCommon\;C:\WINDOWS\system32;C:\WINDOWS;C:\WINDOWS\System32\Wbem;C:\WINDOWS\System32\WindowsPowerShell\v1.0\;C:\WINDOWS\System32\OpenSSH\;C:\Program Files\Common Files\Autodesk Shared\;C:\Program Files (x86)\Autodesk\Backburner\;C:\Program Files\Git\cmd;C:\Users\adnin\AppData\Local\Microsoft\WindowsApps;C:\Program Files\JetBrains\WebStorm 2019.1.3\bin;;C:\Users\adnin\AppData\Local\Packages\CanonicalGroupLimited.Ubuntu18.04onWindows_79rhkp1fndgsc\LocalState\rootfs\home\alexandra\.local\bin;C:\Program Files\JetBrains\PyCharm 2019.1.3\bin;;C:\Users\adnin\AppData\Local\Programs\Python\Python37-32\python.exe;C:\Program Files\JetBrains\IntelliJ IDEA 2019.1.3\bin;;C:\Program Files\JetBrains\CLion 2019.2.2\bin;;C:\texlive\2019\bin\win32;C:\msys64\mingw64\bin;;C:\Program Files\JetBrains\JetBrains Rider 2019.2.3\bin;;."/>
    <property name="java.vm.info" value="mixed mode, sharing"/>
    <property name="java.vendor" value="Oracle Corporation"/>
    <property name="java.vm.version" value="12.0.1+12"/>
    <property name="sun.io.unicode.encoding" value="UnicodeLittle"/>
    <property name="java.class.version" value="56.0"/>
  </properties>
  <testcase name="shouldAnswerWithTrue" classname="ru.lisitsyna.softwaredesign.AppTest" time="0.003"/>
</testsuite>